TN:
SF:/Users/Spencer/Documents/git/divine-engine/rollup.config.js
FNF:0
FNH:0
LF:0
LH:0
BRF:0
BRH:0
end_of_record
TN:
SF:/Users/Spencer/Documents/git/divine-engine/src/components/flagcomponent.ts
FN:8,FlagComponent
FNF:1
FNH:1
FNDA:2,FlagComponent
DA:1,1
DA:2,1
DA:10,6
DA:11,2
DA:12,2
DA:13,2
DA:16,0
LF:7
LH:6
BRDA:9,0,0,0
BRF:1
BRH:0
end_of_record
TN:
SF:/Users/Spencer/Documents/git/divine-engine/src/components/messagereceivercomponent.ts
FN:4,MessageReceiverComponent
FNF:1
FNH:1
FNDA:1,MessageReceiverComponent
DA:1,1
DA:4,1
DA:5,1
DA:6,1
DA:9,0
LF:5
LH:4
BRF:0
BRH:0
end_of_record
TN:
SF:/Users/Spencer/Documents/git/divine-engine/src/core/dobject.ts
FN:9,DObject
FNF:1
FNH:1
FNDA:3,DObject
DA:9,9
DA:10,3
DA:11,3
DA:14,0
DA:17,3
LF:5
LH:4
BRDA:9,0,0,3
BRDA:9,0,1,0
BRDA:9,1,0,3
BRDA:9,1,1,3
BRF:4
BRH:3
end_of_record
TN:
SF:/Users/Spencer/Documents/git/divine-engine/src/core/engine.ts
FN:152,Engine
FN:324,(anonymous_21)
FNF:2
FNH:0
FNDA:0,Engine
FNDA:0,(anonymous_21)
DA:1,1
DA:2,1
DA:3,1
DA:4,1
DA:31,0
DA:32,0
DA:33,0
DA:34,0
DA:35,0
DA:36,0
DA:37,0
DA:66,1
DA:67,1
DA:69,0
DA:77,0
DA:84,0
DA:91,0
DA:98,0
DA:101,0
DA:108,0
DA:115,0
DA:122,0
DA:129,0
DA:137,0
DA:138,0
DA:140,0
DA:147,0
DA:152,0
DA:153,0
DA:154,0
DA:155,0
DA:156,0
DA:157,0
DA:159,0
DA:160,0
DA:162,0
DA:164,0
DA:165,0
DA:167,0
DA:169,0
DA:171,0
DA:172,0
DA:173,0
DA:174,0
DA:176,0
DA:179,0
DA:180,0
DA:181,0
DA:182,0
DA:184,0
DA:185,0
DA:195,0
DA:196,0
DA:197,0
DA:198,0
DA:199,0
DA:200,0
DA:201,0
DA:210,0
DA:217,0
DA:218,0
DA:220,0
DA:221,0
DA:223,0
DA:224,0
DA:225,0
DA:226,0
DA:233,0
DA:241,0
DA:242,0
DA:243,0
DA:244,0
DA:245,0
DA:246,0
DA:248,0
DA:275,0
DA:277,0
DA:278,0
DA:279,0
DA:280,0
DA:281,0
DA:282,0
DA:283,0
DA:285,0
DA:286,0
DA:294,0
DA:296,0
DA:297,0
DA:298,0
DA:299,0
DA:300,0
DA:301,0
DA:302,0
DA:304,0
DA:305,0
DA:313,0
DA:314,0
DA:320,0
DA:321,0
DA:324,0
DA:325,0
DA:326,0
DA:327,0
DA:328,0
DA:338,0
DA:339,0
DA:342,0
LF:107
LH:6
BRDA:25,0,0,0
BRDA:26,1,0,0
BRDA:27,2,0,0
BRDA:28,3,0,0
BRDA:29,4,0,0
BRDA:30,5,0,0
BRDA:137,6,0,0
BRDA:137,6,1,0
BRDA:66,7,0,1
BRDA:66,7,1,0
BRDA:155,8,0,0
BRDA:155,8,1,0
BRDA:159,9,0,0
BRDA:159,9,1,0
BRDA:164,10,0,0
BRDA:164,10,1,0
BRDA:172,11,0,0
BRDA:172,11,1,0
BRDA:174,12,0,0
BRDA:174,12,1,0
BRDA:174,13,0,0
BRDA:174,13,1,0
BRDA:174,13,2,0
BRDA:179,14,0,0
BRDA:179,14,1,0
BRDA:181,15,0,0
BRDA:181,15,1,0
BRDA:275,16,0,0
BRDA:275,16,1,0
BRDA:278,17,0,0
BRDA:278,17,1,0
BRDA:294,18,0,0
BRDA:294,18,1,0
BRDA:297,19,0,0
BRDA:297,19,1,0
BRDA:321,20,0,0
BRDA:321,20,1,0
BRDA:217,21,0,0
BRDA:217,21,1,0
BRDA:217,22,0,0
BRDA:217,22,1,0
BRDA:223,23,0,0
BRDA:223,23,1,0
BRDA:224,24,0,0
BRDA:224,24,1,0
BRDA:225,25,0,0
BRDA:225,25,1,0
BRDA:243,26,0,0
BRDA:243,26,1,0
BRF:49
BRH:1
end_of_record
TN:
SF:/Users/Spencer/Documents/git/divine-engine/src/core/entity.ts
FN:39,Entity
FN:98,(anonymous_7)
FN:142,(anonymous_11)
FN:152,(anonymous_13)
FN:164,(anonymous_15)
FN:185,(anonymous_18)
FNF:6
FNH:0
FNDA:0,Entity
FNDA:0,(anonymous_7)
FNDA:0,(anonymous_11)
FNDA:0,(anonymous_13)
FNDA:0,(anonymous_15)
FNDA:0,(anonymous_18)
DA:2,1
DA:3,1
DA:14,3
DA:15,3
DA:16,3
DA:44,0
DA:45,0
DA:46,0
DA:47,0
DA:48,0
DA:55,0
DA:56,0
DA:58,0
DA:60,0
DA:68,0
DA:75,0
DA:84,0
DA:85,0
DA:86,0
DA:88,0
DA:97,0
DA:98,0
DA:99,0
DA:119,0
DA:120,0
DA:122,0
DA:130,0
DA:131,0
DA:132,0
DA:142,0
DA:143,0
DA:144,0
DA:152,0
DA:153,0
DA:154,0
DA:164,0
DA:165,0
DA:166,0
DA:168,0
DA:169,0
DA:177,0
DA:185,0
DA:186,0
DA:187,0
DA:189,0
DA:190,0
DA:198,0
DA:199,0
DA:200,0
LF:49
LH:5
BRDA:14,0,0,0
BRDA:14,1,0,0
BRDA:44,2,0,0
BRDA:44,2,1,0
BRDA:44,3,0,0
BRDA:44,3,1,0
BRDA:44,4,0,0
BRDA:44,4,1,0
BRDA:41,5,0,0
BRDA:41,5,1,0
BRDA:42,6,0,0
BRDA:42,6,1,0
BRDA:43,7,0,0
BRDA:43,7,1,0
BRDA:84,8,0,0
BRDA:84,8,1,0
BRDA:119,9,0,0
BRDA:119,9,1,0
BRDA:130,10,0,0
BRDA:130,10,1,0
BRDA:143,11,0,0
BRDA:143,11,1,0
BRDA:153,12,0,0
BRDA:153,12,1,0
BRDA:165,13,0,0
BRDA:165,13,1,0
BRDA:186,14,0,0
BRDA:186,14,1,0
BRDA:55,15,0,0
BRDA:55,15,1,0
BRF:30
BRH:0
end_of_record
TN:
SF:/Users/Spencer/Documents/git/divine-engine/src/core/gamewindow.ts
FN:10,GameWindow
FNF:1
FNH:0
FNDA:0,GameWindow
DA:1,1
DA:2,1
DA:10,0
DA:11,0
DA:12,0
DA:13,0
DA:14,0
DA:16,0
DA:26,0
DA:27,0
DA:34,0
DA:38,0
DA:41,0
DA:45,0
DA:48,0
DA:51,0
DA:54,0
DA:55,0
DA:56,0
DA:57,0
DA:58,0
DA:60,0
DA:64,0
DA:67,0
DA:70,0
DA:73,0
LF:26
LH:2
BRDA:11,0,0,0
BRDA:11,0,1,0
BRDA:55,1,0,0
BRDA:55,1,1,0
BRDA:57,2,0,0
BRDA:57,2,1,0
BRDA:57,3,0,0
BRDA:57,3,1,0
BRF:8
BRH:0
end_of_record
TN:
SF:/Users/Spencer/Documents/git/divine-engine/src/core/messagesystem.ts
FN:12,MessageSystem
FN:32,(anonymous_4)
FN:82,Message
FN:99,s4
FN:112,TestMessage
FN:130,EntityMessage
FN:140,ErrorSystemMessage
FN:152,IOSystemMessage
FN:162,PhysicsSystemMessage
FN:172,RenderSystemMessage
FN:183,SoundSystemMessage
FN:222,KeyInputMessage
FN:231,MouseInputMessage
FN:241,TouchInputMessage
FNF:14
FNH:0
FNDA:0,MessageSystem
FNDA:0,(anonymous_4)
FNDA:0,Message
FNDA:0,s4
FNDA:0,TestMessage
FNDA:0,EntityMessage
FNDA:0,ErrorSystemMessage
FNDA:0,IOSystemMessage
FNDA:0,PhysicsSystemMessage
FNDA:0,RenderSystemMessage
FNDA:0,SoundSystemMessage
FNDA:0,KeyInputMessage
FNDA:0,MouseInputMessage
FNDA:0,TouchInputMessage
DA:1,1
DA:12,0
DA:23,0
DA:29,0
DA:30,0
DA:31,0
DA:32,0
DA:33,0
DA:35,0
DA:82,0
DA:83,0
DA:86,0
DA:93,0
DA:100,0
DA:104,0
DA:112,0
DA:113,0
DA:114,0
DA:130,0
DA:140,0
DA:141,0
DA:142,0
DA:143,0
DA:152,0
DA:162,0
DA:172,0
DA:173,0
DA:174,0
DA:183,0
DA:222,0
DA:223,0
DA:224,0
DA:231,0
DA:232,0
DA:233,0
DA:234,0
DA:241,0
DA:242,0
DA:243,0
DA:244,0
LF:40
LH:1
BRF:0
BRH:0
end_of_record
TN:
SF:/Users/Spencer/Documents/git/divine-engine/src/core/scene.ts
FNF:0
FNH:0
DA:5,0
DA:6,0
DA:7,0
DA:9,0
LF:4
LH:0
BRDA:6,0,0,0
BRDA:6,0,1,0
BRF:2
BRH:0
end_of_record
TN:
SF:/Users/Spencer/Documents/git/divine-engine/src/core/logging/errorsystem.ts
FN:30,Log
FN:41,LogError
FN:50,LogInfo
FNF:3
FNH:0
FNDA:0,Log
FNDA:0,LogError
FNDA:0,LogInfo
DA:30,0
DA:31,0
DA:32,0
DA:41,0
DA:42,0
DA:43,0
DA:50,0
DA:51,0
DA:52,0
DA:66,0
DA:67,0
LF:11
LH:0
BRDA:30,0,0,0
BRDA:30,0,1,0
BRDA:30,1,0,0
BRDA:30,1,1,0
BRDA:41,2,0,0
BRDA:41,2,1,0
BRDA:41,3,0,0
BRDA:41,3,1,0
BRDA:50,4,0,0
BRDA:50,4,1,0
BRDA:50,5,0,0
BRDA:50,5,1,0
BRF:12
BRH:0
end_of_record
